2026-03-01 19:42:32,034 [      1]   INFO - #c.i.i.AppStarter - ------------------------------------------------------ IDE STARTED ------------------------------------------------------
2026-03-01 19:42:32,035 [      2]   INFO - #c.i.p.d.t.i.TelemetryManagerImpl - Initializing telemetry tracer com.intellij.platform.diagnostic.telemetry.impl.TelemetryManagerImpl
2026-03-01 19:42:32,047 [     14]   INFO - #c.i.u.EnvironmentUtil - loading shell env is skipped: IDE has been launched from a terminal (SHLVL=1)
2026-03-01 19:42:32,051 [     18]   INFO - #c.i.i.p.PluginManager - PluginDescriptor(name=Tabout, id=com.tabout.intellij, descriptorPath=plugin.xml, path=~/Documents/ai shit/tabout-plugin/build/idea-sandbox/IC-2023.2.5/plugins/tabout-plugin, version=1.0.0, package=null, isBundled=false) overrides PluginDescriptor(name=Tabout, id=com.tabout.intellij, descriptorPath=plugin.xml, path=~/Documents/ai shit/tabout-plugin/build/idea-sandbox/IC-2023.2.5/plugins/tabout-plugin, version=1.0.0, package=null, isBundled=false)
2026-03-01 19:42:32,055 [     22]   INFO - #c.i.p.d.t.CsvMetricsExporter - open-telemetry-metrics-plotter.html is not found in classpath
2026-03-01 19:42:32,061 [     28]   INFO - #c.i.i.AppStarter - JNA library (64-bit) loaded in 14 ms
2026-03-01 19:42:32,066 [     33]   INFO - #c.i.i.AppStarter - IDE: IntelliJ IDEA (build #IC-232.10227.8, 09 Nov 2023 06:00)
2026-03-01 19:42:32,066 [     33]   INFO - #c.i.i.AppStarter - OS: Mac OS X (26.3)
2026-03-01 19:42:32,067 [     34]   INFO - #c.i.i.AppStarter - JRE: 17.0.9+7-b1000.46, aarch64 (JetBrains s.r.o.)
2026-03-01 19:42:32,067 [     34]   INFO - #c.i.i.AppStarter - JVM: 17.0.9+7-b1000.46 (OpenJDK 64-Bit Server VM)
2026-03-01 19:42:32,067 [     34]   INFO - #c.i.i.p.PluginManager - Module intellij.sh.python is not enabled because dependency com.intellij.modules.python is not available
Module intellij.space.gateway is not enabled because dependency com.jetbrains.gateway is not available
Module intellij.space.php is not enabled because dependency com.jetbrains.php is not available
Module intellij.space.index is not enabled because dependency intellij.indexing.shared is not available
Module intellij.qodana.jvm.swagger is not enabled because dependency com.intellij.swagger is not available
Module intellij.qodana.php is not enabled because dependency com.jetbrains.php is not available
Module intellij.qodana.js is not enabled because dependency JavaScript is not available
2026-03-01 19:42:32,069 [     36]   INFO - #c.i.i.AppStarter - PID: 84527
2026-03-01 19:42:32,069 [     36]   INFO - #c.i.i.AppStarter - JVM options: [-Daether.connector.resumeDownloads=false, -Dapple.awt.application.appearance=system, -Dide.native.launcher=false, -Didea.config.path=/Users/lucbuigel/Documents/ai shit/tabout-plugin/build/idea-sandbox/IC-2023.2.5/config, -Didea.l10n.keys=only, -Didea.log.path=/Users/lucbuigel/Documents/ai shit/tabout-plugin/build/idea-sandbox/IC-2023.2.5/log, -Didea.paths.selector=IdeaIC2023.2, -Didea.platform.prefix=Idea, -Didea.plugins.path=/Users/lucbuigel/Documents/ai shit/tabout-plugin/build/idea-sandbox/IC-2023.2.5/plugins, -Didea.required.plugins.id=com.tabout.intellij, -Didea.system.path=/Users/lucbuigel/Documents/ai shit/tabout-plugin/build/idea-sandbox/IC-2023.2.5/system, -Didea.vendor.name=JetBrains, -Djava.system.class.loader=com.intellij.util.lang.PathClassLoader, -Djbr.catch.SIGABRT=true, -Djdk.attach.allowAttachSelf=true, -Djdk.http.auth.tunneling.disabledSchemes="", -Djdk.module.illegalAccess.silent=true, -Djna.boot.library.path=/Users/lucbuigel/.gradle/caches/9.3.1/transforms/45bf528063c74f0fd928766a4e697306/transformed/ideaIC-2023.2.5-aarch64/lib/jna/aarch64, -Djna.noclasspath=true, -Djna.nosys=true, -Dplugin.path=/Users/lucbuigel/Documents/ai shit/tabout-plugin/build/idea-sandbox/IC-2023.2.5/plugins/tabout-plugin, -Dpty4j.preferred.native.folder=/Users/lucbuigel/.gradle/caches/9.3.1/transforms/45bf528063c74f0fd928766a4e697306/transformed/ideaIC-2023.2.5-aarch64/lib/pty4j, -Dsplash=true, -Dsun.io.useCanonCaches=false, -Dsun.java2d.metal=true, -XX:ReservedCodeCacheSize=512m, -XX:+UseG1GC, -XX:SoftRefLRUPolicyMSPerMB=50, -XX:CICompilerCount=2, -XX:+HeapDumpOnOutOfMemoryError, -XX:-OmitStackTraceInFastThrow, -XX:+IgnoreUnrecognizedVMOptions, -XX:CompileCommand=exclude,com/intellij/openapi/vfs/impl/FilePartNodeRoot,trieDescend, -javaagent:/Users/lucbuigel/Documents/ai shit/tabout-plugin/build/coroutines-javaagent.jar, --add-opens=java.base/java.io=ALL-UNNAMED, --add-opens=java.base/java.lang=ALL-UNNAMED, --add-opens=java.base/java.lang.ref=ALL-UNNAMED, --add-opens=java.base/java.lang.reflect=ALL-UNNAMED, --add-opens=java.base/java.net=ALL-UNNAMED, --add-opens=java.base/java.nio=ALL-UNNAMED, --add-opens=java.base/java.nio.charset=ALL-UNNAMED, --add-opens=java.base/java.text=ALL-UNNAMED, --add-opens=java.base/java.time=ALL-UNNAMED, --add-opens=java.base/java.util=ALL-UNNAMED, --add-opens=java.base/java.util.concurrent=ALL-UNNAMED, --add-opens=java.base/java.util.concurrent.atomic=ALL-UNNAMED, --add-opens=java.base/jdk.internal.vm=ALL-UNNAMED, --add-opens=java.base/sun.nio.ch=ALL-UNNAMED, --add-opens=java.base/sun.nio.fs=ALL-UNNAMED, --add-opens=java.base/sun.security.ssl=ALL-UNNAMED, --add-opens=java.base/sun.security.util=ALL-UNNAMED, --add-opens=java.base/sun.net.dns=ALL-UNNAMED, --add-opens=java.desktop/com.apple.eawt=ALL-UNNAMED, --add-opens=java.desktop/com.apple.eawt.event=ALL-UNNAMED, --add-opens=java.desktop/com.apple.laf=ALL-UNNAMED, --add-opens=java.desktop/java.awt=ALL-UNNAMED, --add-opens=java.desktop/java.awt.dnd.peer=ALL-UNNAMED, --add-opens=java.desktop/java.awt.event=ALL-UNNAMED, --add-opens=java.desktop/java.awt.image=ALL-UNNAMED, --add-opens=java.desktop/java.awt.peer=ALL-UNNAMED, --add-opens=java.desktop/java.awt.font=ALL-UNNAMED, --add-opens=java.desktop/javax.swing=ALL-UNNAMED, --add-opens=java.desktop/javax.swing.plaf.basic=ALL-UNNAMED, --add-opens=java.desktop/javax.swing.text.html=ALL-UNNAMED, --add-opens=java.desktop/sun.awt.datatransfer=ALL-UNNAMED, --add-opens=java.desktop/sun.awt.image=ALL-UNNAMED, --add-opens=java.desktop/sun.awt=ALL-UNNAMED, --add-opens=java.desktop/sun.font=ALL-UNNAMED, --add-opens=java.desktop/sun.java2d=ALL-UNNAMED, --add-opens=java.desktop/sun.lwawt=ALL-UNNAMED, --add-opens=java.desktop/sun.lwawt.macosx=ALL-UNNAMED, --add-opens=java.desktop/sun.swing=ALL-UNNAMED, --add-opens=java.desktop/com.sun.java.swing=ALL-UNNAMED, --add-opens=jdk.attach/sun.tools.attach=ALL-UNNAMED, --add-opens=jdk.compiler/com.sun.tools.javac.api=ALL-UNNAMED, --add-opens=jdk.internal.jvmstat/sun.jvmstat.monitor=ALL-UNNAMED, --add-opens=jdk.jdi/com.sun.tools.jdi=ALL-UNNAMED, -Xms128m, -Xmx2048m, -Dfile.encoding=UTF-8, -Duser.country=NL, -Duser.language=nl, -Duser.variant, -ea]
2026-03-01 19:42:32,069 [     36]   INFO - #c.i.i.AppStarter - args: traverseUI /Users/lucbuigel/Documents/ai shit/tabout-plugin/build/tmp/buildSearchableOptions true
2026-03-01 19:42:32,070 [     37]   INFO - #c.i.i.AppStarter - library path: /Users/lucbuigel/Library/Java/Extensions:/Library/Java/Extensions:/Network/Library/Java/Extensions:/System/Library/Java/Extensions:/usr/lib/java:.
2026-03-01 19:42:32,070 [     37]   INFO - #c.i.i.AppStarter - boot library path: /Users/lucbuigel/.gradle/caches/9.3.1/transforms/45bf528063c74f0fd928766a4e697306/transformed/ideaIC-2023.2.5-aarch64/jbr/Contents/Home/lib
2026-03-01 19:42:32,074 [     41]   INFO - #c.i.i.p.PluginManager - Loaded bundled plugins: Shell Script (232.10227.8), Android Design Tools (232.10227.8), Maven (232.10227.8), Git (232.10227.8), EditorConfig (232.10227.8), Machine Learning in Search Everywhere (232.10227.8), com.intellij.dev (232.10227.8), Gradle-Java (232.10227.8), Properties (232.10227.8), Kotlin (232-1.9.0-IJ10227.8), Java Internationalization (232.10227.8), IntelliLang (232.10227.8), JetBrains Marketplace Licensing (232.10227.8), NetBeans Keymap (232.10227.8), JetBrains Repository Search (232.10227.8), UI Designer (232.10227.8), Subversion (232.10227.8), XPathView + XSLT (232.10227.8), Bytecode Viewer (232.10227.8), Task Management (232.10227.8), Markdown (232.10227.8), Code Coverage for Java (232.10227.8), IDE Features Trainer (232.10227.8), Async Profiler for IDE Performance Testing (232.10227.8), TextMate Bundles (232.10227.8), Terminal (232.10227.8), Performance Testing (232.10227.8), JUnit (232.10227.8), Settings Sync (232.10227.8), Plugin DevKit (232.10227.8), Java (232.10227.8), GitLab (232.10227.8), Qodana (232.10227.8), Groovy (232.10227.8), Visual Studio Keymap (232.10227.8), Copyright (232.10227.8), Java Stream Debugger (232.10227.8), Maven server api classes (232.10227.8), WebP Support (232.10227.8), Android (2022.3.1 Final.232.10227.8), Mercurial (232.10227.8), Java Bytecode Decompiler (232.10227.8), TestNG (232.10227.8), Eclipse Keymap (232.10227.8), GitHub (232.10227.8), Configuration Script (232.10227.8), HTML Tools (232.10227.8), Gradle (232.10227.8), Gradle-Java-Analysis (232.10227.8), Machine Learning Code Completion (232.10227.8), Gradle DSL API (232.10227.8), Eclipse Interoperability (232.10227.8), IDEA CORE (232.10227.8), Shared Indexes (232.10227.8), Gradle-Maven (232.10227.8), Space (232.10227.8), com.intellij.tracing.ide (232.10227.8), YAML (232.10227.8), Perforce Helix Core (232.10227.8), JetBrains maven model api classes (232.10227.8), Gradle Dependency Updater Implementation (232.10227.8), Grazie Lite (232.10227.8), Projector Libraries for Code With Me and Remote Development (232.10227.8), Java IDE Customization (232.10227.8), Toml (232.10227.8), Images (232.10227.8), Ant (232.10227.8), Code With Me (232.10227.8), JavaFX (232.10227.8), Package Checker (232.10227.8)
2026-03-01 19:42:32,074 [     41]   INFO - #c.i.i.p.PluginManager - Loaded custom plugins: Tabout (1.0.0)
2026-03-01 19:42:32,076 [     43]   INFO - #c.i.i.AppStarter - locale=nl_NL JNU=UTF-8 file.encoding=UTF-8
    idea.config.path=/Users/lucbuigel/Documents/ai shit/tabout-plugin/build/idea-sandbox/IC-2023.2.5/config
    idea.system.path=/Users/lucbuigel/Documents/ai shit/tabout-plugin/build/idea-sandbox/IC-2023.2.5/system
    idea.plugins.path=/Users/lucbuigel/Documents/ai shit/tabout-plugin/build/idea-sandbox/IC-2023.2.5/plugins
    idea.log.path=/Users/lucbuigel/Documents/ai shit/tabout-plugin/build/idea-sandbox/IC-2023.2.5/log
2026-03-01 19:42:32,077 [     44]   INFO - #c.i.i.AppStarter - CPU cores: 10; ForkJoinPool.commonPool: java.util.concurrent.ForkJoinPool@5cb71d5a[Running, parallelism = 10, size = 0, active = 0, running = 0, steals = 0, tasks = 0, submissions = 0]; factory: com.intellij.concurrency.IdeaForkJoinWorkerThreadFactory@b58d43d
2026-03-01 19:42:32,170 [    137]   INFO - #c.i.a.o.PathMacrosImpl - Loaded path macros: {MAVEN_REPOSITORY=/Users/lucbuigel/.m2/repository}
2026-03-01 19:42:32,184 [    151]   INFO - #c.i.i.p.ExpiredPluginsState - Plugins to skip: []
2026-03-01 19:42:32,242 [    209]   INFO - #c.i.u.i.PageCacheUtils - File page caching params:
2026-03-01 19:42:32,242 [    209]   INFO - #c.i.u.i.PageCacheUtils - 	DEFAULT_PAGE_SIZE:10485760
2026-03-01 19:42:32,242 [    209]   INFO - #c.i.u.i.PageCacheUtils - 	FilePageCache: regular
2026-03-01 19:42:32,243 [    210]   INFO - #c.i.u.i.PageCacheUtils - 	DirectByteBuffers pool: 104857600 bytes
2026-03-01 19:42:32,287 [    254]   INFO - #c.i.o.v.n.p.PersistentFSConnector - VFS uses strict names enumerator
2026-03-01 19:42:32,317 [    284]   INFO - #c.i.o.v.n.p.PersistentFSConnector - VFS uses new (streamlined) attributes storage
2026-03-01 19:42:32,339 [    306]   INFO - #o.j.i.BuiltInServerManager - built-in server started, port 63343
2026-03-01 19:42:32,349 [    316]   INFO - #c.i.o.v.n.p.FSRecords - using OVER_MMAPPED_FILE storage for VFS records
2026-03-01 19:42:32,356 [    323]   INFO - #c.i.o.v.n.p.PersistentFSConnector - VFS: impl (expected) version=576319, 0 file records, 0 content blobs
2026-03-01 19:42:32,359 [    326]   INFO - #c.i.o.v.n.p.PersistentFSConnector - 0 ms to self-checks, load free records and inverted name index
2026-03-01 19:42:32,363 [    330]   WARN - #c.i.u.n.s.ConfirmingTrustManager - Received an empty list of custom trusted root certificates from the system. Check log above for possible errors, enable debug logging in category 'org.jetbrains.nativecerts' for more information
2026-03-01 19:42:32,365 [    332]   INFO - #c.i.u.n.s.CertificateManager - Default SSL context initialized
2026-03-01 19:42:32,379 [    346]   INFO - #c.i.o.v.i.l.NativeFileWatcherImpl - Native file watcher is disabled
2026-03-01 19:42:32,393 [    360]   INFO - #com.android.tools.idea.serverflags.ServerFlagInitializer - Enabled server flags: 
2026-03-01 19:42:32,464 [    431]   INFO - #c.i.o.v.n.p.FSRecords - VFS health-check disabled
2026-03-01 19:42:32,491 [    458]   INFO - #c.j.r.p.c.p.w.s.WireStorage - Start Wire Storage check: Check Wire Buffer Size
2026-03-01 19:42:32,531 [    498]   INFO - #c.i.o.a.Experiments - Experimental features enabled for user: wsl.p9.support, wsl.prefer.p9.support, wsl.p9.show.roots.in.file.chooser, wsl.execute.with.wsl.exe, linux.native.menu, recent.and.edited.files.together, show.create.new.element.in.popup, search.everywhere.mixed.results, new.project.wizard, editor.reader.mode, new.large.text.file.viewer, terminal.shell.command.handling
2026-03-01 19:42:32,561 [    528]   INFO - #c.i.i.s.p.i.SharedIndexMainZipStorage - Shared Indexes Storage is opened and empty
2026-03-01 19:42:32,810 [    777]   INFO - #c.i.u.i.FileBasedIndexImpl - Indices to be built:FrameworkDetectionIndex(v = 65536),com.android.tools.idea.model.AndroidManifestIndex(v = 10),javafx.id.name(v = 3),org.jetbrains.kotlin.idea.vfilefinder.KotlinJvmModuleAnnotationsIndex(v = 1),org.jetbrains.kotlin.idea.vfilefinder.KotlinClassFileIndex(v = 3),FilenameIndex(v = 258),org.jetbrains.kotlin.idea.base.indices.names.KotlinTopLevelCallableByPackageShortNameIndex(v = 2),PluginIdModuleIndex(v = 2),org.jetbrains.kotlin.idea.vfilefinder.KlibMetaFileIndex(v = 4),bytecodeAnalysis(v = 11),XmlNamespaces(v = 8),org.jetbrains.kotlin.idea.vfilefinder.KotlinPackageSourcesMemberNamesIndex(v = 2),IdeaPluginRegistrationIndex(v = 8),NavXmlIndex(v = 10),editorconfig.index.name(v = 5),java.null.method.argument(v = 1),devkit.ExtensionPointIndex(v = 0),fileIncludes(v = 6),javafx.custom.component(v = 2),org.jetbrains.kotlin.idea.versions.KotlinJvmMetadataVersionIndex(v = 5),java.fun.expression(v = 6),org.jetbrains.kotlin.idea.vfilefinder.KotlinModuleMappingIndex(v = 5),RelaxSymbolIndex(v = 0),json.file.root.values(v = 5),XsltSymbolIndex(v = 0),com.intellij.uiDesigner.FormClassIndex(v = 0),JavaFxControllerClassIndex(v = 1),java.auto.module.name(v = 6),devkit.ExtensionPointClassIndex(v = 1),xmlProperties(v = 2),org.jetbrains.kotlin.idea.vfilefinder.KotlinBuiltInsMetadataIndex(v = 4),org.jetbrains.kotlin.idea.vfilefinder.KotlinMetadataFilePackageIndex(v = 2),Stubs(v = 46),SchemaTypeInheritance(v = 2),org.jetbrains.kotlin.idea.vfilefinder.KotlinShortClassNameFileIndex(v = 3),XmlTagNames(v = 1),yaml.keys.name(v = 1),java.binary.plus.expression(v = 4),org.jetbrains.kotlin.idea.vfilefinder.KotlinPartialPackageNamesIndex(v = 4),org.jetbrains.kotlin.idea.vfilefinder.KotlinMetadataFileIndex(v = 2),filetypes(v = 4096),ant-imports(v = 5),Trigram.Index(v = 4),java.source.module.name(v = 4),org.jetbrains.kotlin.idea.versions.KotlinJsMetadataVersionIndex(v = 3),org.jetbrains.kotlin.idea.base.indices.names.KotlinTopLevelClassLikeDeclarationByPackageShortNameIndex(v = 2),TodoIndex(v = 13),BindingXmlIndex(v = 10),PluginIdDependenciesIndex(v = 5),org.jetbrains.kotlin.idea.vfilefinder.KotlinStdlibIndex(v = 1),html5.custom.attributes.index(v = 1),IdIndex(v = 22),DomFileIndex(v = 0),HtmlTagIdIndex(v = 3),org.jetbrains.kotlin.idea.vfilefinder.KotlinJavaScriptMetaFileIndex(v = 4)
2026-03-01 19:42:32,810 [    777]   INFO - #c.i.u.i.FileBasedIndexImpl - Using nice flusher for indexes
2026-03-01 19:42:32,812 [    779]   INFO - #c.i.u.i.IndexDataInitializer - Index data initialization done: 344 ms. Initialized indexes: [FilenameIndex, filetypes, XmlNamespaces, Trigram.Index, XmlTagNames, html5.custom.attributes.index, RelaxSymbolIndex, DomFileIndex, TodoIndex, FrameworkDetectionIndex, yaml.keys.name, fileIncludes, IdIndex, json.file.root.values, java.auto.module.name, editorconfig.index.name, xmlProperties, HtmlTagIdIndex, SchemaTypeInheritance, java.source.module.name, java.null.method.argument, java.binary.plus.expression, bytecodeAnalysis, java.fun.expression, XsltSymbolIndex, IdeaPluginRegistrationIndex, PluginIdDependenciesIndex, devkit.ExtensionPointIndex, JavaFxControllerClassIndex, PluginIdModuleIndex, javafx.id.name, ant-imports, org.jetbrains.kotlin.idea.versions.KotlinJsMetadataVersionIndex, devkit.ExtensionPointClassIndex, javafx.custom.component, org.jetbrains.kotlin.idea.versions.KotlinJvmMetadataVersionIndex, org.jetbrains.kotlin.idea.vfilefinder.KotlinPartialPackageNamesIndex, org.jetbrains.kotlin.idea.vfilefinder.KotlinModuleMappingIndex, org.jetbrains.kotlin.idea.vfilefinder.KotlinJavaScriptMetaFileIndex, org.jetbrains.kotlin.idea.vfilefinder.KotlinClassFileIndex, org.jetbrains.kotlin.idea.vfilefinder.KotlinMetadataFileIndex, org.jetbrains.kotlin.idea.vfilefinder.KotlinJvmModuleAnnotationsIndex, org.jetbrains.kotlin.idea.vfilefinder.KotlinMetadataFilePackageIndex, org.jetbrains.kotlin.idea.vfilefinder.KotlinPackageSourcesMemberNamesIndex, org.jetbrains.kotlin.idea.vfilefinder.KotlinStdlibIndex, org.jetbrains.kotlin.idea.vfilefinder.KotlinShortClassNameFileIndex, org.jetbrains.kotlin.idea.base.indices.names.KotlinTopLevelCallableByPackageShortNameIndex, org.jetbrains.kotlin.idea.vfilefinder.KlibMetaFileIndex, org.jetbrains.kotlin.idea.vfilefinder.KotlinBuiltInsMetadataIndex, NavXmlIndex, com.android.tools.idea.model.AndroidManifestIndex, org.jetbrains.kotlin.idea.base.indices.names.KotlinTopLevelClassLikeDeclarationByPackageShortNameIndex, BindingXmlIndex, com.intellij.uiDesigner.FormClassIndex, Stubs].
2026-03-01 19:42:33,001 [    968]   INFO - #c.i.p.s.StubIndexImpl - Following stub indices will be built:org.jetbrains.kotlin.idea.stubindex.KotlinInnerTypeAliasClassIdIndex(v = 2),markdown.header.anchor(v = 2),java.method.name(v = 2),java.annotations(v = 2),gr.script.class(v = 5),gr.method.name(v = 5),org.jetbrains.kotlin.idea.stubindex.KotlinExactPackagesIndex(v = 2),org.jetbrains.kotlin.idea.stubindex.KotlinTypeAliasShortNameIndex(v = 2),org.jetbrains.kotlin.idea.stubindex.KotlinTopLevelFunctionByPackageIndex(v = 2),org.jetbrains.kotlin.idea.stubindex.KotlinFunctionShortNameIndex(v = 2),org.jetbrains.kotlin.idea.stubindex.KotlinFileFacadeClassByPackageIndex(v = 2),org.jetbrains.kotlin.idea.stubindex.KotlinClassShortNameIndex(v = 2),java.field.name(v = 2),org.jetbrains.kotlin.idea.stubindex.KotlinExtensionsInObjectsByReceiverTypeIndex(v = 2),org.jetbrains.kotlin.idea.stubindex.KotlinTypeAliasByExpansionShortNameIndex(v = 2),org.jetbrains.kotlin.idea.stubindex.KotlinTopLevelTypeAliasByPackageIndex(v = 2),org.jetbrains.kotlin.idea.stubindex.KotlinSuperClassIndex(v = 2),java.method.parameter.types(v = 3),org.jetbrains.kotlin.idea.stubindex.KotlinTopLevelExtensionsByReceiverTypeIndex(v = 3),org.jetbrains.kotlin.idea.stubindex.KotlinProbablyContractedFunctionShortNameIndex(v = 2),jvm.static.member.type(v = 2),org.jetbrains.kotlin.idea.stubindex.KotlinTopLevelPropertyByPackageIndex(v = 2),org.jetbrains.kotlin.idea.stubindex.KotlinPropertyShortNameIndex(v = 2),org.jetbrains.kotlin.idea.stubindex.KotlinOverridableInternalMembersShortNameIndex(v = 2),properties.index(v = 2),java.class.extlist(v = 3),gr.class.super(v = 5),gr.class.fqn.s(v = 5),gr.field.name(v = 5),org.jetbrains.kotlin.idea.stubindex.KotlinTopLevelClassByPackageIndex(v = 2),org.jetbrains.kotlin.idea.stubindex.KotlinTopLevelTypeAliasFqNameIndex(v = 2),java.anonymous.baseref(v = 2),org.jetbrains.kotlin.idea.stubindex.KotlinFilePartClassIndex(v = 2),gr.annot.members(v = 5),markdown.header(v = 2),gr.class.fqn(v = 4),org.jetbrains.kotlin.idea.stubindex.KotlinAnnotationsIndex(v = 3),org.jetbrains.kotlin.idea.stubindex.KotlinMultifileClassPartIndex(v = 2),org.jetbrains.kotlin.idea.stubindex.KotlinFileFacadeShortNameIndex(v = 2),org.jetbrains.kotlin.idea.stubindex.KotlinProbablyNothingFunctionShortNameIndex(v = 2),java.module.name(v = 4),org.jetbrains.kotlin.idea.stubindex.KotlinProbablyNothingPropertyShortNameIndex(v = 2),org.jetbrains.kotlin.idea.stubindex.KotlinScriptFqnIndex(v = 2),org.jetbrains.kotlin.idea.stubindex.KotlinJvmNameAnnotationIndex(v = 2),java.class.fqn(v = 1),gr.script.fqn(v = 5),org.jetbrains.kotlin.idea.stubindex.KotlinFullClassNameIndex(v = 2),gr.script.fqn.s(v = 5),org.jetbrains.kotlin.idea.stubindex.KotlinSubclassObjectNameIndex(v = 2),java.class.shortname(v = 4),org.jetbrains.kotlin.idea.stubindex.KotlinFileFacadeFqNameIndex(v = 2),kotlin.primeIndexKey(v = 2),jvm.static.member.name(v = 2),dom.elementClass(v = 0),org.jetbrains.kotlin.idea.stubindex.KotlinTopLevelFunctionFqnNameIndex(v = 2),gr.annot.method.name(v = 5),dom.namespaceKey(v = 1),org.jetbrains.kotlin.idea.stubindex.KotlinTopLevelPropertyFqnNameIndex(v = 2),gr.anonymous.class(v = 6)
2026-03-01 19:42:33,002 [    969]   INFO - #c.i.u.i.IndexDataInitializer - Index data initialization done: 189 ms. Initialized stub indexes: {org.jetbrains.kotlin.idea.stubindex.KotlinFileFacadeFqNameIndex, org.jetbrains.kotlin.idea.stubindex.KotlinJvmNameAnnotationIndex, java.anonymous.baseref, gr.annot.members, markdown.header, gr.script.fqn, org.jetbrains.kotlin.idea.stubindex.KotlinFunctionShortNameIndex, org.jetbrains.kotlin.idea.stubindex.KotlinInnerTypeAliasClassIdIndex, java.field.name, org.jetbrains.kotlin.idea.stubindex.KotlinTopLevelFunctionFqnNameIndex, org.jetbrains.kotlin.idea.stubindex.KotlinFileFacadeShortNameIndex, gr.script.class, org.jetbrains.kotlin.idea.stubindex.KotlinSubclassObjectNameIndex, org.jetbrains.kotlin.idea.stubindex.KotlinProbablyNothingPropertyShortNameIndex, org.jetbrains.kotlin.idea.stubindex.KotlinTopLevelClassByPackageIndex, org.jetbrains.kotlin.idea.stubindex.KotlinProbablyNothingFunctionShortNameIndex, gr.method.name, org.jetbrains.kotlin.idea.stubindex.KotlinTopLevelFunctionByPackageIndex, org.jetbrains.kotlin.idea.stubindex.KotlinTopLevelTypeAliasFqNameIndex, org.jetbrains.kotlin.idea.stubindex.KotlinTopLevelPropertyByPackageIndex, gr.class.super, markdown.header.anchor, java.method.parameter.types, org.jetbrains.kotlin.idea.stubindex.KotlinFileFacadeClassByPackageIndex, org.jetbrains.kotlin.idea.stubindex.KotlinScriptFqnIndex, gr.annot.method.name, org.jetbrains.kotlin.idea.stubindex.KotlinAnnotationsIndex, java.module.name, org.jetbrains.kotlin.idea.stubindex.KotlinProbablyContractedFunctionShortNameIndex, java.class.fqn, org.jetbrains.kotlin.idea.stubindex.KotlinExtensionsInObjectsByReceiverTypeIndex, gr.anonymous.class, dom.elementClass, org.jetbrains.kotlin.idea.stubindex.KotlinTopLevelExtensionsByReceiverTypeIndex, org.jetbrains.kotlin.idea.stubindex.KotlinTopLevelTypeAliasByPackageIndex, java.class.shortname, java.class.extlist, jvm.static.member.name, gr.script.fqn.s, java.method.name, kotlin.primeIndexKey, properties.index, java.annotations, org.jetbrains.kotlin.idea.stubindex.KotlinTopLevelPropertyFqnNameIndex, org.jetbrains.kotlin.idea.stubindex.KotlinSuperClassIndex, org.jetbrains.kotlin.idea.stubindex.KotlinPropertyShortNameIndex, jvm.static.member.type, org.jetbrains.kotlin.idea.stubindex.KotlinTypeAliasByExpansionShortNameIndex, org.jetbrains.kotlin.idea.stubindex.KotlinFilePartClassIndex, org.jetbrains.kotlin.idea.stubindex.KotlinOverridableInternalMembersShortNameIndex, gr.field.name, org.jetbrains.kotlin.idea.stubindex.KotlinFullClassNameIndex, org.jetbrains.kotlin.idea.stubindex.KotlinTypeAliasShortNameIndex, org.jetbrains.kotlin.idea.stubindex.KotlinMultifileClassPartIndex, org.jetbrains.kotlin.idea.stubindex.KotlinExactPackagesIndex, gr.class.fqn.s, gr.class.fqn, dom.namespaceKey, org.jetbrains.kotlin.idea.stubindex.KotlinClassShortNameIndex}.
2026-03-01 19:42:33,630 [   1597]   INFO - #c.i.i.p.n.PluginsGroupComponentWithProgress - Marketplace tab: loading stopped
2026-03-01 19:42:33,659 [   1626]   INFO - #c.i.i.p.PluginManagerConfigurable - Marketplace tab: 'Featured' group load started
2026-03-01 19:42:33,875 [   1842]   INFO - #c.i.i.p.PluginManagerConfigurable - Marketplace tab: 'Featured' group load finished
2026-03-01 19:42:33,876 [   1843]   INFO - #c.i.i.p.PluginManagerConfigurable - Marketplace tab: 'New and Updated' group load started
2026-03-01 19:42:34,028 [   1995]   INFO - #c.i.i.p.PluginManagerConfigurable - Marketplace tab: 'New and Updated' group load finished
2026-03-01 19:42:34,028 [   1995]   INFO - #c.i.i.p.PluginManagerConfigurable - Marketplace tab: 'Top Downloads' group load started
2026-03-01 19:42:34,171 [   2138]   INFO - #c.i.i.p.PluginManagerConfigurable - Marketplace tab: 'Top Downloads' group load finished
2026-03-01 19:42:34,172 [   2139]   INFO - #c.i.i.p.PluginManagerConfigurable - Marketplace tab: 'Top Rated' group load started
2026-03-01 19:42:34,204 [   2171]   INFO - #c.i.o.a.i.NonBlockingReadActionImpl - OTel monitoring for NonBlockingReadAction is enabled
2026-03-01 19:42:34,394 [   2361]   INFO - #c.i.i.p.PluginManagerConfigurable - Marketplace tab: 'Top Rated' group load finished
2026-03-01 19:42:35,451 [   3418]   WARN - JetBrains UI DSL - Row should not be empty
2026-03-01 19:42:35,708 [   3675]   INFO - #c.i.r.OsRegistryConfigProvider - Looking for 'lobbyServerUrl' value in [/Library/Application Support/JetBrains/CodeWithMe/lobbyServerUrl, /Library/Application Support/JetBrains/CodeWithMe/config.json, /Users/lucbuigel/Library/Application Support/JetBrains/CodeWithMe/lobbyServerUrl, /Users/lucbuigel/Library/Application Support/JetBrains/CodeWithMe/config.json]
2026-03-01 19:42:35,709 [   3676]   INFO - #c.i.r.OsRegistryConfigProvider - OS provided value for 'lobbyServerUrl' is not found
2026-03-01 19:42:35,710 [   3677]   INFO - #c.j.r.p.c.u.CodeWithMeSystemSettings - Setting default value='https://code-with-me.jetbrains.com'
2026-03-01 19:42:35,723 [   3690]   INFO - #c.i.r.OsRegistryConfigProvider - Looking for 'lobbyServerUrl' value in [/Library/Application Support/JetBrains/CodeWithMe/lobbyServerUrl, /Library/Application Support/JetBrains/CodeWithMe/config.json, /Users/lucbuigel/Library/Application Support/JetBrains/CodeWithMe/lobbyServerUrl, /Users/lucbuigel/Library/Application Support/JetBrains/CodeWithMe/config.json]
2026-03-01 19:42:35,723 [   3690]   INFO - #c.i.r.OsRegistryConfigProvider - OS provided value for 'lobbyServerUrl' is not found
2026-03-01 19:42:35,723 [   3690]   INFO - #c.j.r.p.c.u.CodeWithMeSystemSettings - Setting default value='https://code-with-me.jetbrains.com'
2026-03-01 19:42:36,377 [   4344]   WARN - #c.i.u.j.JBCefApp - JCEF is manually disabled in headless env via 'ide.browser.jcef.headless.enabled=false'
2026-03-01 19:42:36,379 [   4346]   INFO - #org.intellij.plugins.markdown.settings.MarkdownSettings - Migrating Markdown settings
2026-03-01 19:42:37,013 [   4980]   INFO - STDOUT - Found 222 configurables
2026-03-01 19:42:37,066 [   5033]   INFO - #c.i.i.p.n.PluginsGroupComponentWithProgress - Marketplace tab: loading stopped
2026-03-01 19:42:37,627 [   5594]   INFO - STDOUT - Output written to /Users/lucbuigel/Documents/ai shit/tabout-plugin/build/tmp/buildSearchableOptions/devkit.jar!/search/devkit.jar!.searchableOptions.xml
2026-03-01 19:42:37,628 [   5595]   INFO - STDOUT - Output written to /Users/lucbuigel/Documents/ai shit/tabout-plugin/build/tmp/buildSearchableOptions/textmate.jar/search/textmate.jar.searchableOptions.xml
2026-03-01 19:42:37,631 [   5598]   INFO - STDOUT - Output written to /Users/lucbuigel/Documents/ai shit/tabout-plugin/build/tmp/buildSearchableOptions/markdown.jar/search/markdown.jar.searchableOptions.xml
2026-03-01 19:42:37,632 [   5599]   INFO - STDOUT - Output written to /Users/lucbuigel/Documents/ai shit/tabout-plugin/build/tmp/buildSearchableOptions/IntelliLang.jar/search/IntelliLang.jar.searchableOptions.xml
2026-03-01 19:42:37,632 [   5599]   INFO - STDOUT - Output written to /Users/lucbuigel/Documents/ai shit/tabout-plugin/build/tmp/buildSearchableOptions/eclipse.jar/search/eclipse.jar.searchableOptions.xml
2026-03-01 19:42:37,632 [   5599]   INFO - STDOUT - Output written to /Users/lucbuigel/Documents/ai shit/tabout-plugin/build/tmp/buildSearchableOptions/tasks-core.jar/search/tasks-core.jar.searchableOptions.xml
2026-03-01 19:42:37,633 [   5600]   INFO - STDOUT - Output written to /Users/lucbuigel/Documents/ai shit/tabout-plugin/build/tmp/buildSearchableOptions/sh.jar/search/sh.jar.searchableOptions.xml
2026-03-01 19:42:37,633 [   5600]   INFO - STDOUT - Output written to /Users/lucbuigel/Documents/ai shit/tabout-plugin/build/tmp/buildSearchableOptions/java-coverage.jar/search/java-coverage.jar.searchableOptions.xml
2026-03-01 19:42:37,633 [   5600]   INFO - STDOUT - Output written to /Users/lucbuigel/Documents/ai shit/tabout-plugin/build/tmp/buildSearchableOptions/devkit.jar/search/devkit.jar.searchableOptions.xml
2026-03-01 19:42:37,633 [   5600]   INFO - STDOUT - Output written to /Users/lucbuigel/Documents/ai shit/tabout-plugin/build/tmp/buildSearchableOptions/java-impl.jar!/search/java-impl.jar!.searchableOptions.xml
2026-03-01 19:42:37,634 [   5601]   INFO - STDOUT - Output written to /Users/lucbuigel/Documents/ai shit/tabout-plugin/build/tmp/buildSearchableOptions/javaFX.jar!/search/javaFX.jar!.searchableOptions.xml
2026-03-01 19:42:37,634 [   5601]   INFO - STDOUT - Output written to /Users/lucbuigel/Documents/ai shit/tabout-plugin/build/tmp/buildSearchableOptions/searchEverywhereMl.jar/search/searchEverywhereMl.jar.searchableOptions.xml
2026-03-01 19:42:37,634 [   5601]   INFO - STDOUT - Output written to /Users/lucbuigel/Documents/ai shit/tabout-plugin/build/tmp/buildSearchableOptions/idea-junit.jar!/search/idea-junit.jar!.searchableOptions.xml
2026-03-01 19:42:37,635 [   5602]   INFO - STDOUT - Output written to /Users/lucbuigel/Documents/ai shit/tabout-plugin/build/tmp/buildSearchableOptions/uiDesigner.jar/search/uiDesigner.jar.searchableOptions.xml
2026-03-01 19:42:37,635 [   5602]   INFO - STDOUT - Output written to /Users/lucbuigel/Documents/ai shit/tabout-plugin/build/tmp/buildSearchableOptions/javaFX.jar/search/javaFX.jar.searchableOptions.xml
2026-03-01 19:42:37,635 [   5602]   INFO - STDOUT - Output written to /Users/lucbuigel/Documents/ai shit/tabout-plugin/build/tmp/buildSearchableOptions/dev.jar/search/dev.jar.searchableOptions.xml
2026-03-01 19:42:37,636 [   5603]   INFO - STDOUT - Output written to /Users/lucbuigel/Documents/ai shit/tabout-plugin/build/tmp/buildSearchableOptions/space.jar/search/space.jar.searchableOptions.xml
2026-03-01 19:42:37,636 [   5603]   INFO - STDOUT - Output written to /Users/lucbuigel/Documents/ai shit/tabout-plugin/build/tmp/buildSearchableOptions/cwm-plugin-terminal.jar/search/cwm-plugin-terminal.jar.searchableOptions.xml
2026-03-01 19:42:37,637 [   5604]   INFO - STDOUT - Output written to /Users/lucbuigel/Documents/ai shit/tabout-plugin/build/tmp/buildSearchableOptions/vcs-svn.jar/search/vcs-svn.jar.searchableOptions.xml
2026-03-01 19:42:37,637 [   5604]   INFO - STDOUT - Output written to /Users/lucbuigel/Documents/ai shit/tabout-plugin/build/tmp/buildSearchableOptions/byteCodeViewer.jar/search/byteCodeViewer.jar.searchableOptions.xml
2026-03-01 19:42:37,638 [   5605]   INFO - STDOUT - Output written to /Users/lucbuigel/Documents/ai shit/tabout-plugin/build/tmp/buildSearchableOptions/testng-plugin.jar!/search/testng-plugin.jar!.searchableOptions.xml
2026-03-01 19:42:37,638 [   5605]   INFO - STDOUT - Output written to /Users/lucbuigel/Documents/ai shit/tabout-plugin/build/tmp/buildSearchableOptions/android.jar!/search/android.jar!.searchableOptions.xml
2026-03-01 19:42:37,638 [   5605]   INFO - STDOUT - Output written to /Users/lucbuigel/Documents/ai shit/tabout-plugin/build/tmp/buildSearchableOptions/marketplace.jar/search/marketplace.jar.searchableOptions.xml
2026-03-01 19:42:37,640 [   5607]   INFO - STDOUT - Output written to /Users/lucbuigel/Documents/ai shit/tabout-plugin/build/tmp/buildSearchableOptions/maven.jar/search/maven.jar.searchableOptions.xml
2026-03-01 19:42:37,642 [   5609]   INFO - STDOUT - Output written to /Users/lucbuigel/Documents/ai shit/tabout-plugin/build/tmp/buildSearchableOptions/copyright.jar/search/copyright.jar.searchableOptions.xml
2026-03-01 19:42:37,642 [   5609]   INFO - STDOUT - Output written to /Users/lucbuigel/Documents/ai shit/tabout-plugin/build/tmp/buildSearchableOptions/maven.jar!/search/maven.jar!.searchableOptions.xml
2026-03-01 19:42:37,644 [   5611]   INFO - STDOUT - Output written to /Users/lucbuigel/Documents/ai shit/tabout-plugin/build/tmp/buildSearchableOptions/Groovy.jar/search/Groovy.jar.searchableOptions.xml
2026-03-01 19:42:37,645 [   5612]   INFO - STDOUT - Output written to /Users/lucbuigel/Documents/ai shit/tabout-plugin/build/tmp/buildSearchableOptions/gradle-java.jar/search/gradle-java.jar.searchableOptions.xml
2026-03-01 19:42:37,645 [   5612]   INFO - STDOUT - Output written to /Users/lucbuigel/Documents/ai shit/tabout-plugin/build/tmp/buildSearchableOptions/terminal.jar/search/terminal.jar.searchableOptions.xml
2026-03-01 19:42:37,646 [   5613]   INFO - STDOUT - Output written to /Users/lucbuigel/Documents/ai shit/tabout-plugin/build/tmp/buildSearchableOptions/antIntegration.jar/search/antIntegration.jar.searchableOptions.xml
2026-03-01 19:42:37,646 [   5613]   INFO - STDOUT - Output written to /Users/lucbuigel/Documents/ai shit/tabout-plugin/build/tmp/buildSearchableOptions/performanceTesting-async.jar/search/performanceTesting-async.jar.searchableOptions.xml
2026-03-01 19:42:37,647 [   5614]   INFO - STDOUT - Output written to /Users/lucbuigel/Documents/ai shit/tabout-plugin/build/tmp/buildSearchableOptions/properties.jar/search/properties.jar.searchableOptions.xml
2026-03-01 19:42:37,650 [   5617]   INFO - STDOUT - Output written to /Users/lucbuigel/Documents/ai shit/tabout-plugin/build/tmp/buildSearchableOptions/java-impl.jar/search/java-impl.jar.searchableOptions.xml
2026-03-01 19:42:37,651 [   5618]   INFO - STDOUT - Output written to /Users/lucbuigel/Documents/ai shit/tabout-plugin/build/tmp/buildSearchableOptions/adt-ui.jar/search/adt-ui.jar.searchableOptions.xml
2026-03-01 19:42:37,661 [   5628]   INFO - STDOUT - Output written to /Users/lucbuigel/Documents/ai shit/tabout-plugin/build/tmp/buildSearchableOptions/app-client.jar/search/app-client.jar.searchableOptions.xml
2026-03-01 19:42:37,661 [   5628]   INFO - STDOUT - Output written to /Users/lucbuigel/Documents/ai shit/tabout-plugin/build/tmp/buildSearchableOptions/html-tools.jar/search/html-tools.jar.searchableOptions.xml
2026-03-01 19:42:37,662 [   5629]   INFO - STDOUT - Output written to /Users/lucbuigel/Documents/ai shit/tabout-plugin/build/tmp/buildSearchableOptions/vcs-perforce.jar/search/vcs-perforce.jar.searchableOptions.xml
2026-03-01 19:42:37,662 [   5629]   INFO - STDOUT - Output written to /Users/lucbuigel/Documents/ai shit/tabout-plugin/build/tmp/buildSearchableOptions/java-debugger-streams.jar/search/java-debugger-streams.jar.searchableOptions.xml
2026-03-01 19:42:37,662 [   5629]   INFO - STDOUT - Output written to /Users/lucbuigel/Documents/ai shit/tabout-plugin/build/tmp/buildSearchableOptions/gradle.jar/search/gradle.jar.searchableOptions.xml
2026-03-01 19:42:37,663 [   5630]   INFO - STDOUT - Output written to /Users/lucbuigel/Documents/ai shit/tabout-plugin/build/tmp/buildSearchableOptions/testng-plugin.jar/search/testng-plugin.jar.searchableOptions.xml
2026-03-01 19:42:37,663 [   5630]   INFO - STDOUT - Output written to /Users/lucbuigel/Documents/ai shit/tabout-plugin/build/tmp/buildSearchableOptions/grazie.jar/search/grazie.jar.searchableOptions.xml
2026-03-01 19:42:37,663 [   5630]   INFO - STDOUT - Output written to /Users/lucbuigel/Documents/ai shit/tabout-plugin/build/tmp/buildSearchableOptions/qodana.jar/search/qodana.jar.searchableOptions.xml
2026-03-01 19:42:37,665 [   5632]   INFO - STDOUT - Output written to /Users/lucbuigel/Documents/ai shit/tabout-plugin/build/tmp/buildSearchableOptions/app.jar/search/app.jar.searchableOptions.xml
2026-03-01 19:42:37,666 [   5633]   INFO - STDOUT - Output written to /Users/lucbuigel/Documents/ai shit/tabout-plugin/build/tmp/buildSearchableOptions/android.jar/search/android.jar.searchableOptions.xml
2026-03-01 19:42:37,666 [   5633]   INFO - STDOUT - Output written to /Users/lucbuigel/Documents/ai shit/tabout-plugin/build/tmp/buildSearchableOptions/tabout-plugin-1.0.0.jar/search/tabout-plugin-1.0.0.jar.searchableOptions.xml
2026-03-01 19:42:37,666 [   5633]   INFO - STDOUT - Output written to /Users/lucbuigel/Documents/ai shit/tabout-plugin/build/tmp/buildSearchableOptions/completionMlRanking.jar/search/completionMlRanking.jar.searchableOptions.xml
2026-03-01 19:42:37,666 [   5633]   INFO - STDOUT - Output written to /Users/lucbuigel/Documents/ai shit/tabout-plugin/build/tmp/buildSearchableOptions/java-decompiler.jar/search/java-decompiler.jar.searchableOptions.xml
2026-03-01 19:42:37,667 [   5634]   INFO - STDOUT - Output written to /Users/lucbuigel/Documents/ai shit/tabout-plugin/build/tmp/buildSearchableOptions/vcs-hg.jar/search/vcs-hg.jar.searchableOptions.xml
2026-03-01 19:42:37,667 [   5634]   INFO - STDOUT - Output written to /Users/lucbuigel/Documents/ai shit/tabout-plugin/build/tmp/buildSearchableOptions/xpath.jar/search/xpath.jar.searchableOptions.xml
2026-03-01 19:42:37,668 [   5635]   INFO - STDOUT - Output written to /Users/lucbuigel/Documents/ai shit/tabout-plugin/build/tmp/buildSearchableOptions/performanceTesting.jar/search/performanceTesting.jar.searchableOptions.xml
2026-03-01 19:42:37,668 [   5635]   INFO - STDOUT - Output written to /Users/lucbuigel/Documents/ai shit/tabout-plugin/build/tmp/buildSearchableOptions/vcs-gitlab.jar/search/vcs-gitlab.jar.searchableOptions.xml
2026-03-01 19:42:37,668 [   5635]   INFO - STDOUT - Output written to /Users/lucbuigel/Documents/ai shit/tabout-plugin/build/tmp/buildSearchableOptions/cwm-common.jar/search/cwm-common.jar.searchableOptions.xml
2026-03-01 19:42:37,668 [   5635]   INFO - STDOUT - Output written to /Users/lucbuigel/Documents/ai shit/tabout-plugin/build/tmp/buildSearchableOptions/java-i18n.jar/search/java-i18n.jar.searchableOptions.xml
2026-03-01 19:42:37,668 [   5635]   INFO - STDOUT - Output written to /Users/lucbuigel/Documents/ai shit/tabout-plugin/build/tmp/buildSearchableOptions/Groovy.jar!/search/Groovy.jar!.searchableOptions.xml
2026-03-01 19:42:37,668 [   5635]   INFO - STDOUT - Output written to /Users/lucbuigel/Documents/ai shit/tabout-plugin/build/tmp/buildSearchableOptions/toml.jar/search/toml.jar.searchableOptions.xml
2026-03-01 19:42:37,669 [   5636]   INFO - STDOUT - Output written to /Users/lucbuigel/Documents/ai shit/tabout-plugin/build/tmp/buildSearchableOptions/idea-junit.jar/search/idea-junit.jar.searchableOptions.xml
2026-03-01 19:42:37,669 [   5636]   INFO - STDOUT - Output written to /Users/lucbuigel/Documents/ai shit/tabout-plugin/build/tmp/buildSearchableOptions/yaml.jar/search/yaml.jar.searchableOptions.xml
2026-03-01 19:42:37,669 [   5636]   INFO - STDOUT - Output written to /Users/lucbuigel/Documents/ai shit/tabout-plugin/build/tmp/buildSearchableOptions/packageChecker.jar/search/packageChecker.jar.searchableOptions.xml
2026-03-01 19:42:37,670 [   5637]   INFO - STDOUT - Output written to /Users/lucbuigel/Documents/ai shit/tabout-plugin/build/tmp/buildSearchableOptions/editorconfig.jar/search/editorconfig.jar.searchableOptions.xml
2026-03-01 19:42:37,670 [   5637]   INFO - STDOUT - Output written to /Users/lucbuigel/Documents/ai shit/tabout-plugin/build/tmp/buildSearchableOptions/vcs-github.jar/search/vcs-github.jar.searchableOptions.xml
2026-03-01 19:42:37,670 [   5637]   INFO - STDOUT - Output written to /Users/lucbuigel/Documents/ai shit/tabout-plugin/build/tmp/buildSearchableOptions/platform-langInjection.jar/search/platform-langInjection.jar.searchableOptions.xml
2026-03-01 19:42:37,670 [   5637]   INFO - STDOUT - Output written to /Users/lucbuigel/Documents/ai shit/tabout-plugin/build/tmp/buildSearchableOptions/platform-images.jar/search/platform-images.jar.searchableOptions.xml
2026-03-01 19:42:37,671 [   5638]   INFO - STDOUT - Output written to /Users/lucbuigel/Documents/ai shit/tabout-plugin/build/tmp/buildSearchableOptions/vcs-git.jar/search/vcs-git.jar.searchableOptions.xml
2026-03-01 19:42:37,672 [   5639]   INFO - STDOUT - Output written to /Users/lucbuigel/Documents/ai shit/tabout-plugin/build/tmp/buildSearchableOptions/kotlin-plugin.jar/search/kotlin-plugin.jar.searchableOptions.xml
2026-03-01 19:42:37,672 [   5639]   INFO - STDOUT - Output written to /Users/lucbuigel/Documents/ai shit/tabout-plugin/build/tmp/buildSearchableOptions/modules.jar/search/modules.jar.searchableOptions.xml
2026-03-01 19:42:37,672 [   5639]   INFO - STDOUT - Output written to /Users/lucbuigel/Documents/ai shit/tabout-plugin/build/tmp/buildSearchableOptions/indexing-shared.jar/search/indexing-shared.jar.searchableOptions.xml
2026-03-01 19:42:37,672 [   5639]   INFO - STDOUT - Output written to /Users/lucbuigel/Documents/ai shit/tabout-plugin/build/tmp/buildSearchableOptions/featuresTrainer.jar/search/featuresTrainer.jar.searchableOptions.xml
2026-03-01 19:42:37,673 [   5640]   INFO - STDOUT - Output written to /Users/lucbuigel/Documents/ai shit/tabout-plugin/build/tmp/buildSearchableOptions/design-tools.jar/search/design-tools.jar.searchableOptions.xml
2026-03-01 19:42:37,673 [   5640]   INFO - STDOUT - Output written to /Users/lucbuigel/Documents/ai shit/tabout-plugin/build/tmp/buildSearchableOptions/kotlin-plugin.jar!/search/kotlin-plugin.jar!.searchableOptions.xml
2026-03-01 19:42:37,673 [   5640]   INFO - STDOUT - Output written to /Users/lucbuigel/Documents/ai shit/tabout-plugin/build/tmp/buildSearchableOptions/cwm-host.jar/search/cwm-host.jar.searchableOptions.xml
2026-03-01 19:42:37,673 [   5640]   INFO - STDOUT - Output written to /Users/lucbuigel/Documents/ai shit/tabout-plugin/build/tmp/buildSearchableOptions/gradle-java-maven.jar/search/gradle-java-maven.jar.searchableOptions.xml
2026-03-01 19:42:37,673 [   5640]   INFO - STDOUT - Output written to /Users/lucbuigel/Documents/ai shit/tabout-plugin/build/tmp/buildSearchableOptions/settingsSync.jar/search/settingsSync.jar.searchableOptions.xml
2026-03-01 19:42:37,674 [   5641]   INFO - STDOUT - Searchable options index builder completed
2026-03-01 19:42:37,693 [   5660]   INFO - #o.j.i.BuiltInServer - web server stopped
2026-03-01 19:42:37,698 [   5665]   INFO - #c.j.r.p.c.p.w.s.WireStorage - Terminate Wire Storage lifetime
2026-03-01 19:42:37,698 [   5665]   INFO - #c.i.o.f.i.FileTypeDetectionService - 0 auto-detected files. Detection took 0 ms
2026-03-01 19:42:37,698 [   5665]   INFO - #c.i.u.i.FileBasedIndexImpl - Index dispose started
2026-03-01 19:42:37,714 [   5681]   INFO - #c.i.p.s.StubIndexImpl - StubIndexExtension-s were unloaded
2026-03-01 19:42:37,715 [   5682]   INFO - #c.i.p.s.SerializationManagerImpl - Start shutting down /Users/lucbuigel/Documents/ai shit/tabout-plugin/build/idea-sandbox/IC-2023.2.5/system/index/rep.names
2026-03-01 19:42:37,715 [   5682]   INFO - #c.i.p.s.SerializationManagerImpl - Finished shutting down /Users/lucbuigel/Documents/ai shit/tabout-plugin/build/idea-sandbox/IC-2023.2.5/system/index/rep.names
2026-03-01 19:42:37,716 [   5683]   INFO - #c.i.u.i.FileBasedIndexImpl - Index dispose completed in 18ms.
2026-03-01 19:42:37,820 [   5787]   INFO - #c.i.o.v.n.p.PersistentFSImpl - VFS dispose started
2026-03-01 19:42:37,822 [   5789]   INFO - #c.i.o.v.n.p.PersistentFSImpl - VFS dispose completed in 2ms.
2026-03-01 19:42:37,844 [   5811]   INFO - #c.i.i.AppStarter - ------------------------------------------------------ IDE SHUTDOWN ------------------------------------------------------
